<?xml version="1.0" encoding="UTF-8"?>
<testsuite name="com.cognizant.parking.AppTest" tests="1" skipped="0" failures="0" errors="0" timestamp="2019-04-24T19:26:54" hostname="DESKTOP-K36USJL" time="0.003">
  <properties/>
  <testcase name="testAppHasAGreeting" classname="com.cognizant.parking.AppTest" time="0.003"/>
  <system-out><![CDATA[]]></system-out>
  <system-err><![CDATA[]]></system-err>
</testsuite>
